1713949774.633836 client started (33386): version 3.2a, socket /tmp/tmux-1000/default, protocol 8
1713949774.633854 on Linux 6.5.0-28-generic #29~22.04.1-Ubuntu SMP PREEMPT_DYNAMIC Thu Apr  4 14:39:20 UTC 2
1713949774.633857 using libevent 2.1.12-stable (poll); ncurses 6.3
1713949774.633862 flags are 0x10010000
1713949774.633863 socket is /tmp/tmux-1000/default
1713949774.633872 trying connect
1713949774.633909 add peer 0x63a149456f60: 6 ((nil))
1713949774.634065 sending message 100 to peer 0x63a149456f60 (4 bytes)
1713949774.634069 sending message 111 to peer 0x63a149456f60 (8 bytes)
1713949774.634070 sending message 101 to peer 0x63a149456f60 (16 bytes)
1713949774.634072 sending message 109 to peer 0x63a149456f60 (4 bytes)
1713949774.634074 sending message 102 to peer 0x63a149456f60 (11 bytes)
1713949774.634075 sending message 108 to peer 0x63a149456f60 (30 bytes)
1713949774.634077 sending message 112 to peer 0x63a149456f60 (70 bytes)
1713949774.634079 sending message 112 to peer 0x63a149456f60 (5 bytes)
1713949774.634080 sending message 112 to peer 0x63a149456f60 (5 bytes)
1713949774.634082 sending message 112 to peer 0x63a149456f60 (6 bytes)
1713949774.634083 sending message 112 to peer 0x63a149456f60 (6 bytes)
1713949774.634085 sending message 112 to peer 0x63a149456f60 (11 bytes)
1713949774.634086 sending message 112 to peer 0x63a149456f60 (10 bytes)
1713949774.634088 sending message 112 to peer 0x63a149456f60 (13 bytes)
1713949774.634089 sending message 112 to peer 0x63a149456f60 (13 bytes)
1713949774.634091 sending message 112 to peer 0x63a149456f60 (18 bytes)
1713949774.634092 sending message 112 to peer 0x63a149456f60 (11 bytes)
1713949774.634093 sending message 112 to peer 0x63a149456f60 (21 bytes)
1713949774.634095 sending message 112 to peer 0x63a149456f60 (13 bytes)
1713949774.634096 sending message 112 to peer 0x63a149456f60 (7 bytes)
1713949774.634098 sending message 112 to peer 0x63a149456f60 (13 bytes)
1713949774.634100 sending message 112 to peer 0x63a149456f60 (7 bytes)
1713949774.634101 sending message 112 to peer 0x63a149456f60 (13 bytes)
1713949774.634103 sending message 112 to peer 0x63a149456f60 (9 bytes)
1713949774.634104 sending message 112 to peer 0x63a149456f60 (21 bytes)
1713949774.634106 sending message 112 to peer 0x63a149456f60 (13 bytes)
1713949774.634107 sending message 112 to peer 0x63a149456f60 (8 bytes)
1713949774.634109 sending message 112 to peer 0x63a149456f60 (12 bytes)
1713949774.634110 sending message 112 to peer 0x63a149456f60 (13 bytes)
1713949774.634112 sending message 112 to peer 0x63a149456f60 (9 bytes)
1713949774.634113 sending message 112 to peer 0x63a149456f60 (9 bytes)
1713949774.634115 sending message 112 to peer 0x63a149456f60 (12 bytes)
1713949774.634116 sending message 112 to peer 0x63a149456f60 (8 bytes)
1713949774.634118 sending message 112 to peer 0x63a149456f60 (7 bytes)
1713949774.634119 sending message 112 to peer 0x63a149456f60 (7 bytes)
1713949774.634120 sending message 112 to peer 0x63a149456f60 (9 bytes)
1713949774.634122 sending message 112 to peer 0x63a149456f60 (13 bytes)
1713949774.634123 sending message 112 to peer 0x63a149456f60 (9 bytes)
1713949774.634125 sending message 112 to peer 0x63a149456f60 (15 bytes)
1713949774.634126 sending message 112 to peer 0x63a149456f60 (13 bytes)
1713949774.634128 sending message 112 to peer 0x63a149456f60 (12 bytes)
1713949774.634129 sending message 112 to peer 0x63a149456f60 (8 bytes)
1713949774.634131 sending message 112 to peer 0x63a149456f60 (14 bytes)
1713949774.634132 sending message 112 to peer 0x63a149456f60 (9 bytes)
1713949774.634134 sending message 112 to peer 0x63a149456f60 (10 bytes)
1713949774.634135 sending message 112 to peer 0x63a149456f60 (10 bytes)
1713949774.634137 sending message 112 to peer 0x63a149456f60 (10 bytes)
1713949774.634138 sending message 112 to peer 0x63a149456f60 (10 bytes)
1713949774.634139 sending message 112 to peer 0x63a149456f60 (11 bytes)
1713949774.634141 sending message 112 to peer 0x63a149456f60 (10 bytes)
1713949774.634142 sending message 112 to peer 0x63a149456f60 (8 bytes)
1713949774.634149 sending message 112 to peer 0x63a149456f60 (11 bytes)
1713949774.634150 sending message 112 to peer 0x63a149456f60 (11 bytes)
1713949774.634152 sending message 112 to peer 0x63a149456f60 (11 bytes)
1713949774.634153 sending message 112 to peer 0x63a149456f60 (8 bytes)
1713949774.634155 sending message 112 to peer 0x63a149456f60 (8 bytes)
1713949774.634157 sending message 112 to peer 0x63a149456f60 (8 bytes)
1713949774.634158 sending message 112 to peer 0x63a149456f60 (10 bytes)
1713949774.634160 sending message 112 to peer 0x63a149456f60 (10 bytes)
1713949774.634161 sending message 112 to peer 0x63a149456f60 (10 bytes)
1713949774.634163 sending message 112 to peer 0x63a149456f60 (10 bytes)
1713949774.634164 sending message 112 to peer 0x63a149456f60 (10 bytes)
1713949774.634166 sending message 112 to peer 0x63a149456f60 (11 bytes)
1713949774.634167 sending message 112 to peer 0x63a149456f60 (11 bytes)
1713949774.634169 sending message 112 to peer 0x63a149456f60 (10 bytes)
1713949774.634170 sending message 112 to peer 0x63a149456f60 (9 bytes)
1713949774.634172 sending message 112 to peer 0x63a149456f60 (9 bytes)
1713949774.634173 sending message 112 to peer 0x63a149456f60 (12 bytes)
1713949774.634175 sending message 112 to peer 0x63a149456f60 (9 bytes)
1713949774.634176 sending message 112 to peer 0x63a149456f60 (6 bytes)
1713949774.634178 sending message 112 to peer 0x63a149456f60 (13 bytes)
1713949774.634179 sending message 112 to peer 0x63a149456f60 (8 bytes)
1713949774.634181 sending message 112 to peer 0x63a149456f60 (15 bytes)
1713949774.634182 sending message 112 to peer 0x63a149456f60 (13 bytes)
1713949774.634184 sending message 112 to peer 0x63a149456f60 (70 bytes)
1713949774.634185 sending message 112 to peer 0x63a149456f60 (69 bytes)
1713949774.634187 sending message 112 to peer 0x63a149456f60 (10 bytes)
1713949774.634188 sending message 112 to peer 0x63a149456f60 (8 bytes)
1713949774.634190 sending message 112 to peer 0x63a149456f60 (15 bytes)
1713949774.634191 sending message 112 to peer 0x63a149456f60 (13 bytes)
1713949774.634193 sending message 112 to peer 0x63a149456f60 (10 bytes)
1713949774.634194 sending message 112 to peer 0x63a149456f60 (10 bytes)
1713949774.634196 sending message 112 to peer 0x63a149456f60 (5 bytes)
1713949774.634197 sending message 112 to peer 0x63a149456f60 (15 bytes)
1713949774.634199 sending message 104 to peer 0x63a149456f60 (0 bytes)
1713949774.634201 sending message 110 to peer 0x63a149456f60 (0 bytes)
1713949774.634202 sending message 107 to peer 0x63a149456f60 (4 bytes)
1713949774.634204 sending message 105 to peer 0x63a149456f60 (16 bytes)
1713949774.634205 sending message 105 to peer 0x63a149456f60 (98 bytes)
1713949774.634207 sending message 105 to peer 0x63a149456f60 (19 bytes)
1713949774.634208 sending message 105 to peer 0x63a149456f60 (20 bytes)
1713949774.634210 sending message 105 to peer 0x63a149456f60 (45 bytes)
1713949774.634211 sending message 105 to peer 0x63a149456f60 (33 bytes)
1713949774.634213 sending message 105 to peer 0x63a149456f60 (66 bytes)
1713949774.634215 sending message 105 to peer 0x63a149456f60 (23 bytes)
1713949774.634216 sending message 105 to peer 0x63a149456f60 (26 bytes)
1713949774.634217 sending message 105 to peer 0x63a149456f60 (44 bytes)
1713949774.634219 sending message 105 to peer 0x63a149456f60 (36 bytes)
1713949774.634220 sending message 105 to peer 0x63a149456f60 (12 bytes)
1713949774.634222 sending message 105 to peer 0x63a149456f60 (19 bytes)
1713949774.634223 sending message 105 to peer 0x63a149456f60 (32 bytes)
1713949774.634225 sending message 105 to peer 0x63a149456f60 (16 bytes)
1713949774.634226 sending message 105 to peer 0x63a149456f60 (41 bytes)
1713949774.634228 sending message 105 to peer 0x63a149456f60 (57 bytes)
1713949774.634230 sending message 105 to peer 0x63a149456f60 (20 bytes)
1713949774.634231 sending message 105 to peer 0x63a149456f60 (23 bytes)
1713949774.634233 sending message 105 to peer 0x63a149456f60 (20 bytes)
1713949774.634234 sending message 105 to peer 0x63a149456f60 (28 bytes)
1713949774.634236 sending message 105 to peer 0x63a149456f60 (34 bytes)
1713949774.634238 sending message 105 to peer 0x63a149456f60 (27 bytes)
1713949774.634240 sending message 105 to peer 0x63a149456f60 (19 bytes)
1713949774.634241 sending message 105 to peer 0x63a149456f60 (25 bytes)
1713949774.634243 sending message 105 to peer 0x63a149456f60 (22 bytes)
1713949774.634244 sending message 105 to peer 0x63a149456f60 (54 bytes)
1713949774.634246 sending message 105 to peer 0x63a149456f60 (22 bytes)
1713949774.634247 sending message 105 to peer 0x63a149456f60 (22 bytes)
1713949774.634249 sending message 105 to peer 0x63a149456f60 (20 bytes)
1713949774.634250 sending message 105 to peer 0x63a149456f60 (18 bytes)
1713949774.634257 sending message 105 to peer 0x63a149456f60 (17 bytes)
1713949774.634260 sending message 105 to peer 0x63a149456f60 (17 bytes)
1713949774.634262 sending message 105 to peer 0x63a149456f60 (1519 bytes)
1713949774.634263 sending message 105 to peer 0x63a149456f60 (33 bytes)
1713949774.634265 sending message 105 to peer 0x63a149456f60 (20 bytes)
1713949774.634267 sending message 105 to peer 0x63a149456f60 (17 bytes)
1713949774.634268 sending message 105 to peer 0x63a149456f60 (26 bytes)
1713949774.634270 sending message 105 to peer 0x63a149456f60 (86 bytes)
1713949774.634271 sending message 105 to peer 0x63a149456f60 (38 bytes)
1713949774.634273 sending message 105 to peer 0x63a149456f60 (30 bytes)
1713949774.634274 sending message 105 to peer 0x63a149456f60 (23 bytes)
1713949774.634276 sending message 105 to peer 0x63a149456f60 (34 bytes)
1713949774.634277 sending message 105 to peer 0x63a149456f60 (23 bytes)
1713949774.634278 sending message 105 to peer 0x63a149456f60 (21 bytes)
1713949774.634280 sending message 105 to peer 0x63a149456f60 (26 bytes)
1713949774.634281 sending message 105 to peer 0x63a149456f60 (32 bytes)
1713949774.634283 sending message 105 to peer 0x63a149456f60 (35 bytes)
1713949774.634285 sending message 105 to peer 0x63a149456f60 (16 bytes)
1713949774.634286 sending message 105 to peer 0x63a149456f60 (13 bytes)
1713949774.634288 sending message 105 to peer 0x63a149456f60 (30 bytes)
1713949774.634289 sending message 105 to peer 0x63a149456f60 (11 bytes)
1713949774.634291 sending message 105 to peer 0x63a149456f60 (8 bytes)
1713949774.634292 sending message 105 to peer 0x63a149456f60 (14 bytes)
1713949774.634294 sending message 105 to peer 0x63a149456f60 (21 bytes)
1713949774.634295 sending message 105 to peer 0x63a149456f60 (18 bytes)
1713949774.634297 sending message 105 to peer 0x63a149456f60 (23 bytes)
1713949774.634298 sending message 105 to peer 0x63a149456f60 (13 bytes)
1713949774.634300 sending message 105 to peer 0x63a149456f60 (31 bytes)
1713949774.634301 sending message 105 to peer 0x63a149456f60 (16 bytes)
1713949774.634302 sending message 105 to peer 0x63a149456f60 (85 bytes)
1713949774.634304 sending message 105 to peer 0x63a149456f60 (191 bytes)
1713949774.634306 sending message 105 to peer 0x63a149456f60 (18 bytes)
1713949774.634307 sending message 105 to peer 0x63a149456f60 (54 bytes)
1713949774.634309 sending message 105 to peer 0x63a149456f60 (57 bytes)
1713949774.634310 sending message 105 to peer 0x63a149456f60 (19 bytes)
1713949774.634312 sending message 105 to peer 0x63a149456f60 (24 bytes)
1713949774.634313 sending message 105 to peer 0x63a149456f60 (18 bytes)
1713949774.634315 sending message 105 to peer 0x63a149456f60 (16 bytes)
1713949774.634317 sending message 106 to peer 0x63a149456f60 (0 bytes)
1713949774.634319 sending message 200 to peer 0x63a149456f60 (4 bytes)
1713949774.634321 client loop enter
1713949774.634515 peer 0x63a149456f60 message 303
1713949774.634517 open write file 2 -
1713949774.634521 sending message 305 to peer 0x63a149456f60 (8 bytes)
1713949774.634524 write check file 2
1713949774.634551 peer 0x63a149456f60 message 304
1713949774.634552 write 58 to file 2
1713949774.634555 peer 0x63a149456f60 message 203
1713949774.634556 file 2 58 bytes left
1713949774.634562 write check file 2
1713949774.634564 client loop exit
